[debug] [2020-11-18T04:44:26.781Z] ----------------------------------------------------------------------
[debug] [2020-11-18T04:44:26.784Z] Command:       C:\Program Files\nodejs\node.exe C:\Users\Tharun S\AppData\Roaming\npm\node_modules\firebase-tools\lib\bin\firebase.js emulators:start
[debug] [2020-11-18T04:44:26.785Z] CLI Version:   8.15.0
[debug] [2020-11-18T04:44:26.785Z] Platform:      win32
[debug] [2020-11-18T04:44:26.785Z] Node Version:  v12.18.2
[debug] [2020-11-18T04:44:26.788Z] Time:          Wed Nov 18 2020 10:14:26 GMT+0530 (India Standard Time)
[debug] [2020-11-18T04:44:26.788Z] ----------------------------------------------------------------------
[debug] [2020-11-18T04:44:26.788Z] 
[debug] [2020-11-18T04:44:26.806Z] > command requires scopes: ["email","openid","https://www.googleapis.com/auth/cloudplatformprojects.readonly","https://www.googleapis.com/auth/firebase","https://www.googleapis.com/auth/cloud-platform"]
[debug] [2020-11-18T04:44:26.807Z] > authorizing via signed-in user
[info] i  emulators: Starting emulators: functions, hosting {"metadata":{"emulator":{"name":"hub"},"message":"Starting emulators: functions, hosting"}}
[debug] [2020-11-18T04:44:28.882Z] [hub] writing locator at C:\Users\Tharun S\AppData\Local\Temp\hub-challenge-4b2b2.json
[warn] !  functions: The following emulators are not running, calls to these services from the Functions emulator will affect production: auth, firestore, database, pubsub {"metadata":{"emulator":{"name":"functions"},"message":"The following emulators are not running, calls to these services from the Functions emulator will affect production: \u001b[1mauth, firestore, database, pubsub\u001b[22m"}}
[warn] !  Your requested "node" version "10" doesn't match your global version "12" {"metadata":{"emulator":{"name":"functions"},"message":"Your requested \"node\" version \"10\" doesn't match your global version \"12\""}}
[debug] [2020-11-18T04:44:30.988Z] defaultcredentials: writing to file C:\Users\Tharun S\AppData\Roaming\firebase\tharunsd23_gmail_com_application_default_credentials.json
[debug] [2020-11-18T04:44:30.996Z] Setting GAC to C:\Users\Tharun S\AppData\Roaming\firebase\tharunsd23_gmail_com_application_default_credentials.json {"metadata":{"emulator":{"name":"functions"},"message":"Setting GAC to C:\\Users\\Tharun S\\AppData\\Roaming\\firebase\\tharunsd23_gmail_com_application_default_credentials.json"}}
[debug] [2020-11-18T04:44:33.045Z] >>> HTTP REQUEST GET https://firebase.googleapis.com/v1beta1/projects/challenge-4b2b2/webApps/-/config  
 
[debug] [2020-11-18T04:44:33.626Z] <<< HTTP RESPONSE 403 {"vary":"X-Origin, Referer, Origin,Accept-Encoding","content-type":"application/json; charset=UTF-8","date":"Wed, 18 Nov 2020 04:44:33 GMT","server":"ESF","cache-control":"private","x-xss-protection":"0","x-frame-options":"SAMEORIGIN","x-content-type-options":"nosniff","alt-svc":"h3-Q050=\":443\"; ma=2592000,h3-29=\":443\"; ma=2592000,h3-T051=\":443\"; ma=2592000,h3-Q046=\":443\"; ma=2592000,h3-Q043=\":443\"; ma=2592000,quic=\":443\"; ma=2592000; v=\"46,43\"","accept-ranges":"none","transfer-encoding":"chunked"}
[debug] [2020-11-18T04:44:33.627Z] <<< HTTP RESPONSE BODY {"error":{"code":403,"message":"The caller does not have permission","status":"PERMISSION_DENIED"}}
[debug] [2020-11-18T04:44:33.631Z] fetchWebSetup error: FirebaseError: HTTP Error: 403, The caller does not have permission
[warn] !  hosting: Authentication error when trying to fetch your current web app configuration, have you run firebase login? 
[warn] !  hosting: Could not fetch web app configuration and there is no cached configuration on this machine. Check your internet connection and make sure you are authenticated. To continue, you must call firebase.initializeApp({...}) in your code before using Firebase. 
[info] i  hosting: Serving hosting files from: build {"metadata":{"emulator":{"name":"hosting"},"message":"Serving hosting files from: \u001b[1mbuild\u001b[22m"}}
[info] +  hosting: Local server: http://localhost:5000 {"metadata":{"emulator":{"name":"hosting"},"message":"Local server: \u001b[4m\u001b[1mhttp://localhost:5000\u001b[22m\u001b[24m"}}
[warn] !  ui: Emulator UI unable to start on port 4000, starting on 4001 instead. {"metadata":{"emulator":{"name":"ui"},"message":"Emulator UI unable to start on port 4000, starting on 4001 instead."}}
[debug] [2020-11-18T04:44:35.911Z] Ignoring unsupported arg: auto_download {"metadata":{"emulator":{"name":"ui"},"message":"Ignoring unsupported arg: auto_download"}}
[debug] [2020-11-18T04:44:35.911Z] Ignoring unsupported arg: port {"metadata":{"emulator":{"name":"ui"},"message":"Ignoring unsupported arg: port"}}
[debug] [2020-11-18T04:44:35.912Z] Starting Emulator UI with command {"binary":"node","args":["C:\\Users\\Tharun S\\.cache\\firebase\\emulators\\ui-v1.2.2\\server.bundle.js"],"optionalArgs":[],"joinArgs":false} {"metadata":{"emulator":{"name":"ui"},"message":"Starting Emulator UI with command {\"binary\":\"node\",\"args\":[\"C:\\\\Users\\\\Tharun S\\\\.cache\\\\firebase\\\\emulators\\\\ui-v1.2.2\\\\server.bundle.js\"],\"optionalArgs\":[],\"joinArgs\":false}"}}
[info] i  ui: Emulator UI logging to ui-debug.log {"metadata":{"emulator":{"name":"ui"},"message":"Emulator UI logging to \u001b[1mui-debug.log\u001b[22m"}}
[debug] [2020-11-18T04:44:36.257Z] Web / API server started at http://localhost:4001
 {"metadata":{"emulator":{"name":"ui"},"message":"Web / API server started at http://localhost:4001\n"}}
[info] i  functions: Watching "C:\Users\Tharun S\react-challenge-amazon-clone\functions" for Cloud Functions... {"metadata":{"emulator":{"name":"functions"},"message":"Watching \"C:\\Users\\Tharun S\\react-challenge-amazon-clone\\functions\" for Cloud Functions..."}}
[debug] [2020-11-18T04:44:36.519Z] [worker-pool] addWorker(~diagnostic~) {"metadata":{"emulator":{"name":"functions"},"message":"[worker-pool] addWorker(~diagnostic~)"}}
[debug] [2020-11-18T04:44:36.520Z] [worker-pool] Adding worker with key ~diagnostic~, total=1 {"metadata":{"emulator":{"name":"functions"},"message":"[worker-pool] Adding worker with key ~diagnostic~, total=1"}}
[debug] [2020-11-18T04:44:36.520Z] [worker-pool] submitWork(triggerId=) {"metadata":{"emulator":{"name":"functions"},"message":"[worker-pool] submitWork(triggerId=)"}}
[debug] [2020-11-18T04:44:36.521Z] [worker-~diagnostic~-68281ab9-6a6e-4744-8a29-c354f6ef1957]: Assigning socketPath: \\?\pipe\C:\Users\Tharun S\react-challenge-amazon-clone\functions\4704 {"metadata":{"emulator":{"name":"functions"},"message":"[worker-~diagnostic~-68281ab9-6a6e-4744-8a29-c354f6ef1957]: Assigning socketPath: \\\\?\\pipe\\C:\\Users\\Tharun S\\react-challenge-amazon-clone\\functions\\4704"}}
[debug] [2020-11-18T04:44:36.522Z] [worker-~diagnostic~-68281ab9-6a6e-4744-8a29-c354f6ef1957]: BUSY {"metadata":{"emulator":{"name":"functions"},"message":"[worker-~diagnostic~-68281ab9-6a6e-4744-8a29-c354f6ef1957]: BUSY"}}
[debug] [2020-11-18T04:44:37.567Z] [runtime-status] [4704] Functions runtime initialized. {"cwd":"C:\\Users\\Tharun S\\react-challenge-amazon-clone\\functions","node_version":"12.18.2"} {"metadata":{"emulator":{"name":"functions"},"message":"[runtime-status] [4704] Functions runtime initialized. {\"cwd\":\"C:\\\\Users\\\\Tharun S\\\\react-challenge-amazon-clone\\\\functions\",\"node_version\":\"12.18.2\"}"}}
[debug] [2020-11-18T04:44:37.568Z] [runtime-status] [4704] Disabled runtime features: undefined {"metadata":{"emulator":{"name":"functions"},"message":"[runtime-status] [4704] Disabled runtime features: undefined"}}
[debug] [2020-11-18T04:44:37.574Z] [runtime-status] [4704] Resolved module firebase-admin {"declared":true,"installed":true,"version":"8.13.0","resolution":"C:\\Users\\Tharun S\\react-challenge-amazon-clone\\functions\\node_modules\\firebase-admin\\lib\\index.js"} {"metadata":{"emulator":{"name":"functions"},"message":"[runtime-status] [4704] Resolved module firebase-admin {\"declared\":true,\"installed\":true,\"version\":\"8.13.0\",\"resolution\":\"C:\\\\Users\\\\Tharun S\\\\react-challenge-amazon-clone\\\\functions\\\\node_modules\\\\firebase-admin\\\\lib\\\\index.js\"}"}}
[debug] [2020-11-18T04:44:37.580Z] [runtime-status] [4704] Resolved module firebase-functions {"declared":true,"installed":true,"version":"3.11.0","resolution":"C:\\Users\\Tharun S\\react-challenge-amazon-clone\\functions\\node_modules\\firebase-functions\\lib\\index.js"} {"metadata":{"emulator":{"name":"functions"},"message":"[runtime-status] [4704] Resolved module firebase-functions {\"declared\":true,\"installed\":true,\"version\":\"3.11.0\",\"resolution\":\"C:\\\\Users\\\\Tharun S\\\\react-challenge-amazon-clone\\\\functions\\\\node_modules\\\\firebase-functions\\\\lib\\\\index.js\"}"}}
[debug] [2020-11-18T04:44:37.582Z] [runtime-status] [4704] Resolved module firebase-functions {"declared":true,"installed":true,"version":"3.11.0","resolution":"C:\\Users\\Tharun S\\react-challenge-amazon-clone\\functions\\node_modules\\firebase-functions\\lib\\index.js"} {"metadata":{"emulator":{"name":"functions"},"message":"[runtime-status] [4704] Resolved module firebase-functions {\"declared\":true,\"installed\":true,\"version\":\"3.11.0\",\"resolution\":\"C:\\\\Users\\\\Tharun S\\\\react-challenge-amazon-clone\\\\functions\\\\node_modules\\\\firebase-functions\\\\lib\\\\index.js\"}"}}
[debug] [2020-11-18T04:44:37.584Z] [runtime-status] [4704] Outgoing network have been stubbed. [{"name":"http","status":"mocked"},{"name":"http","status":"mocked"},{"name":"https","status":"mocked"},{"name":"https","status":"mocked"},{"name":"net","status":"mocked"}] {"metadata":{"emulator":{"name":"functions"},"message":"[runtime-status] [4704] Outgoing network have been stubbed. [{\"name\":\"http\",\"status\":\"mocked\"},{\"name\":\"http\",\"status\":\"mocked\"},{\"name\":\"https\",\"status\":\"mocked\"},{\"name\":\"https\",\"status\":\"mocked\"},{\"name\":\"net\",\"status\":\"mocked\"}]"}}
[debug] [2020-11-18T04:44:37.585Z] [runtime-status] [4704] Resolved module firebase-functions {"declared":true,"installed":true,"version":"3.11.0","resolution":"C:\\Users\\Tharun S\\react-challenge-amazon-clone\\functions\\node_modules\\firebase-functions\\lib\\index.js"} {"metadata":{"emulator":{"name":"functions"},"message":"[runtime-status] [4704] Resolved module firebase-functions {\"declared\":true,\"installed\":true,\"version\":\"3.11.0\",\"resolution\":\"C:\\\\Users\\\\Tharun S\\\\react-challenge-amazon-clone\\\\functions\\\\node_modules\\\\firebase-functions\\\\lib\\\\index.js\"}"}}
[debug] [2020-11-18T04:44:38.245Z] [runtime-status] [4704] Checked functions.config() {"config":{}} {"metadata":{"emulator":{"name":"functions"},"message":"[runtime-status] [4704] Checked functions.config() {\"config\":{}}"}}
[debug] [2020-11-18T04:44:38.246Z] [runtime-status] [4704] firebase-functions has been stubbed. {"functionsResolution":{"declared":true,"installed":true,"version":"3.11.0","resolution":"C:\\Users\\Tharun S\\react-challenge-amazon-clone\\functions\\node_modules\\firebase-functions\\lib\\index.js"}} {"metadata":{"emulator":{"name":"functions"},"message":"[runtime-status] [4704] firebase-functions has been stubbed. {\"functionsResolution\":{\"declared\":true,\"installed\":true,\"version\":\"3.11.0\",\"resolution\":\"C:\\\\Users\\\\Tharun S\\\\react-challenge-amazon-clone\\\\functions\\\\node_modules\\\\firebase-functions\\\\lib\\\\index.js\"}}"}}
[debug] [2020-11-18T04:44:38.249Z] [runtime-status] [4704] Resolved module firebase-functions {"declared":true,"installed":true,"version":"3.11.0","resolution":"C:\\Users\\Tharun S\\react-challenge-amazon-clone\\functions\\node_modules\\firebase-functions\\lib\\index.js"} {"metadata":{"emulator":{"name":"functions"},"message":"[runtime-status] [4704] Resolved module firebase-functions {\"declared\":true,\"installed\":true,\"version\":\"3.11.0\",\"resolution\":\"C:\\\\Users\\\\Tharun S\\\\react-challenge-amazon-clone\\\\functions\\\\node_modules\\\\firebase-functions\\\\lib\\\\index.js\"}"}}
[debug] [2020-11-18T04:44:38.260Z] [runtime-status] [4704] Resolved module firebase-admin {"declared":true,"installed":true,"version":"8.13.0","resolution":"C:\\Users\\Tharun S\\react-challenge-amazon-clone\\functions\\node_modules\\firebase-admin\\lib\\index.js"} {"metadata":{"emulator":{"name":"functions"},"message":"[runtime-status] [4704] Resolved module firebase-admin {\"declared\":true,\"installed\":true,\"version\":\"8.13.0\",\"resolution\":\"C:\\\\Users\\\\Tharun S\\\\react-challenge-amazon-clone\\\\functions\\\\node_modules\\\\firebase-admin\\\\lib\\\\index.js\"}"}}
[debug] [2020-11-18T04:44:38.264Z] [runtime-status] [4704] Resolved module firebase-functions {"declared":true,"installed":true,"version":"3.11.0","resolution":"C:\\Users\\Tharun S\\react-challenge-amazon-clone\\functions\\node_modules\\firebase-functions\\lib\\index.js"} {"metadata":{"emulator":{"name":"functions"},"message":"[runtime-status] [4704] Resolved module firebase-functions {\"declared\":true,\"installed\":true,\"version\":\"3.11.0\",\"resolution\":\"C:\\\\Users\\\\Tharun S\\\\react-challenge-amazon-clone\\\\functions\\\\node_modules\\\\firebase-functions\\\\lib\\\\index.js\"}"}}
[debug] [2020-11-18T04:44:38.266Z] [runtime-status] [4704] firebase-admin has been stubbed. {"adminResolution":{"declared":true,"installed":true,"version":"8.13.0","resolution":"C:\\Users\\Tharun S\\react-challenge-amazon-clone\\functions\\node_modules\\firebase-admin\\lib\\index.js"}} {"metadata":{"emulator":{"name":"functions"},"message":"[runtime-status] [4704] firebase-admin has been stubbed. {\"adminResolution\":{\"declared\":true,\"installed\":true,\"version\":\"8.13.0\",\"resolution\":\"C:\\\\Users\\\\Tharun S\\\\react-challenge-amazon-clone\\\\functions\\\\node_modules\\\\firebase-admin\\\\lib\\\\index.js\"}}"}}
[info] +  functions[api]: http function initialized (http://localhost:5001/challenge-4b2b2/us-central1/api). {"metadata":{"emulator":{"name":"functions"},"message":"\u001b[1mhttp\u001b[22m function initialized (http://localhost:5001/challenge-4b2b2/us-central1/api)."}}
[info] 
┌───────────────────────────────────────────────────────────────────────┐
│ ✔  All emulators ready! View status and logs at http://localhost:4001 │
└───────────────────────────────────────────────────────────────────────┘

┌───────────┬────────────────┬─────────────────────────────────┐
│ Emulator  │ Host:Port      │ View in Emulator UI             │
├───────────┼────────────────┼─────────────────────────────────┤
│ Functions │ localhost:5001 │ http://localhost:4001/functions │
├───────────┼────────────────┼─────────────────────────────────┤
│ Hosting   │ localhost:5000 │ n/a                             │
└───────────┴────────────────┴─────────────────────────────────┘
  Other reserved ports: 4400, 4500

Issues? Report them at https://github.com/firebase/firebase-tools/issues and attach the *-debug.log files.
 
[debug] [2020-11-18T04:44:40.790Z] [worker-~diagnostic~-68281ab9-6a6e-4744-8a29-c354f6ef1957]: IDLE {"metadata":{"emulator":{"name":"functions"},"message":"[worker-~diagnostic~-68281ab9-6a6e-4744-8a29-c354f6ef1957]: IDLE"}}
